Resource Usage Report for Timer 

Mapping to part: m2s025vf400std
Cell usage:
CCC             1 use
CLKINT          3 uses
CFG1           3 uses
CFG2           2 uses
CFG3           1 use
CFG4           18 uses

Carry cells:
ARI1            22 uses - used for arithmetic functions


Sequential Cells: 
SLE            23 uses

DSP Blocks:    0 of 34 (0%)

I/O ports: 3
I/O primitives: 3
INBUF          2 uses
OUTBUF         1 use


Global Clock Buffers: 3

Total LUTs:    46

Extra resources required for RAM and MACC interface logic during P&R:

RAM64x18 Interface Logic : SLEs = 0; LUTs = 0;
RAM1K18  Interface Logic : SLEs = 0; LUTs = 0;
MACC     Interface Logic : SLEs = 0; LUTs = 0;

Total number of SLEs after P&R:  23 + 0 + 0 + 0 = 23;
Total number of LUTs after P&R:  46 + 0 + 0 + 0 = 46;

