Software Version: 2022.2.0.10
Programmer 'E200108CTE' : JTAG TCK / SPI SCK frequency = 1 MHz
programmer 'E200108CTE' : FlashPro5
Opened 'C:\Users\robin.yuan\OneDrive - General Fusion Inc\Desktop\First_FPGA_TEST\designer\Timer\Timer_fp\Timer.pro'
The 'open_project' command succeeded.
Info: Programming is already enabled for device 'M2S025'.
The 'enable_device' command succeeded.
PPD file 'C:/Users/robin.yuan/OneDrive - General Fusion Inc/Desktop/First_FPGA_TEST/designer/Timer/Timer.ppd' has been loaded successfully.
DESIGN : Timer;  CHECKSUM : 575A;  PDB_VERSION : 1.0
The 'set_programming_file' command succeeded.
The 'set_programming_action' command succeeded.
programmer 'E200108CTE' : Scan Chain...
Programmer 'E200108CTE' : JTAG TCK / SPI SCK frequency = 1 MHz
programmer 'E200108CTE' : Check Chain...
programmer 'E200108CTE' : Scan and Check Chain PASSED.
programmer 'E200108CTE' : device 'M2S025' : Executing action PROGRAM
Programmer 'E200108CTE' : JTAG TCK / SPI SCK frequency = 4 MHz
programmer 'E200108CTE' : device 'M2S025' : Family: SmartFusion2
programmer 'E200108CTE' : device 'M2S025' : Product:      M2S025
programmer 'E200108CTE' : device 'M2S025' : Cortex-M3 Enabled (M3_ALLOWED = 1)
programmer 'E200108CTE' : device 'M2S025' : Programming Interface Protocol: JTAG
programmer 'E200108CTE' : device 'M2S025' : EXPORT ISC_ENABLE_RESULT[32] = 00766544
programmer 'E200108CTE' : device 'M2S025' : EXPORT CRCERR[1] = 0
programmer 'E200108CTE' : device 'M2S025' : EXPORT EDCERR[1] = 0
programmer 'E200108CTE' : device 'M2S025' : Programming FPGA Array...
programmer 'E200108CTE' : device 'M2S025' : EXPORT Fabric component digest[256] = 463a0ebe1397e8071a46245834c3af5b3e150b14f3389965dea3640b906b8a6d
programmer 'E200108CTE' : device 'M2S025' : ===================================================================================
programmer 'E200108CTE' : device 'M2S025' : EXPORT DSN[128] = 28f19d81d25d37f932ea247dfae1d689
programmer 'E200108CTE' : device 'M2S025' : ===================================================================================
programmer 'E200108CTE' : device 'M2S025' : Finished: Thu Sep 22 09:19:22 2022 (Elapsed time 00:00:32)
programmer 'E200108CTE' : device 'M2S025' : Executing action PROGRAM PASSED.
programmer 'E200108CTE' : Chain programming PASSED.
Chain Programming Finished: Thu Sep 22 09:19:22 2022 (Elapsed time 00:00:32)

                        o - o - o - o - o - o

The 'run_selected_actions' command succeeded.
Project saved.
The 'save_project' command succeeded.
Project closed.
The 'close_project' command succeeded.
The Execute Script command succeeded.
